<?xml version="1.0" encoding="UTF-8"?>
<!-- Generated by org.testng.reporters.JUnitXMLReporter -->
<testsuite ignored="1" hostname="Mac.lan" failures="0" tests="1" name="Default test" time="13.925" errors="0" timestamp="2025-04-14T22:08:59 IST">
  <testcase classname="sameerakhtar.tests.iOSBasics" name="longPressTest" time="11.187"/>
  <testcase classname="sameerakhtar.tests.iOSBasics" name="iOSBasicTest" time="0.0">
    <ignored/>
  </testcase> <!-- iOSBasicTest -->
</testsuite> <!-- Default test -->
