<?xml version="1.0" encoding="UTF-8"?>
<!-- Generated by org.testng.reporters.JUnitXMLReporter -->
<testsuite ignored="2" hostname="Sameers-MacBook-Air.local" failures="0" tests="1" name="Default test" time="27.781" errors="0" timestamp="2025-04-22T22:34:22 IST">
  <testcase classname="sameerakhtar.tests.ECommerceTest" name="endToEndTestPOM" time="20.349"/>
  <testcase classname="sameerakhtar.tests.ECommerceTest" name="endToEndTest" time="0.0">
    <ignored/>
  </testcase> <!-- endToEndTest -->
  <testcase classname="sameerakhtar.tests.ECommerceTest" name="errorValidationTest" time="0.0">
    <ignored/>
  </testcase> <!-- errorValidationTest -->
</testsuite> <!-- Default test -->
