<?xml version="1.0" encoding="UTF-8"?>
<testng-results ignored="2" total="3" passed="1" failed="0" skipped="0">
  <reporter-output>
  </reporter-output>
  <suite started-at="2025-05-02T23:12:24 IST" name="Default suite" finished-at="2025-05-02T23:13:08 IST" duration-ms="44636">
    <groups>
    </groups>
    <test started-at="2025-05-02T23:12:24 IST" name="Default test" finished-at="2025-05-02T23:13:08 IST" duration-ms="44636">
      <class name="sameerakhtar.tests.ECommerceTest">
        <test-method is-config="true" signature="setup()[pri:0, instance:sameerakhtar.tests.ECommerceTest@13c9d689]" started-at="2025-05-02T23:12:24 IST" name="setup" finished-at="2025-05-02T23:12:33 IST" duration-ms="9282" status="PASS">
          <reporter-output>
          </reporter-output>
        </test-method> <!-- setup -->
        <test-method signature="endToEndTestPOM()[pri:0, instance:sameerakhtar.tests.ECommerceTest@13c9d689]" started-at="2025-05-02T23:12:33 IST" name="endToEndTestPOM" finished-at="2025-05-02T23:13:07 IST" duration-ms="33903" status="PASS">
          <reporter-output>
          </reporter-output>
        </test-method> <!-- endToEndTestPOM -->
        <test-method is-config="true" signature="tearDown()[pri:0, instance:sameerakhtar.tests.ECommerceTest@13c9d689]" started-at="2025-05-02T23:13:07 IST" name="tearDown" finished-at="2025-05-02T23:13:08 IST" duration-ms="1382" status="PASS">
          <reporter-output>
          </reporter-output>
        </test-method> <!-- tearDown -->
      </class> <!-- sameerakhtar.tests.ECommerceTest -->
    </test> <!-- Default test -->
  </suite> <!-- Default suite -->
</testng-results>
